
> yakıt-takip-pro@0.0.0 build
> vite build

[36mvite v6.4.1 [32mbuilding for production...[36m[39m
transforming...
[32m✓[39m 27 modules transformed.
[31m✗[39m Build failed in 649ms
[31merror during build:
[31m[vite-plugin-pwa:build] [plugin vite-plugin-pwa:build] src/features/dashboard/DashboardPage.tsx (48:32): There was an error during the build:
  Transform failed with 1 error:
C:/projects/yakittakippro-2/src/features/dashboard/DashboardPage.tsx:48:32: ERROR: Expected ";" but found "stats"
Additionally, handling the error in the 'buildEnd' hook caused the following error:
  Transform failed with 1 error:
C:/projects/yakittakippro-2/src/features/dashboard/DashboardPage.tsx:48:32: ERROR: Expected ";" but found "stats"[31m
file: [36mC:/projects/yakittakippro-2/src/features/dashboard/DashboardPage.tsx:48:32[31m
[33m
[33mExpected ";" but found "stats"[33m
46 |              />
47 |  
48 |              <DashboardStatsCard stats={stats} alerts={activeAlerts} currentOdometer={lastOdometer} />
   |                                  ^
49 |  
50 |      {/* Weekly/Monthly Summary */ }
[31m
    at getRollupError (file:///C:/projects/yakittakippro-2/node_modules/rollup/dist/es/shared/parseAst.js:401:41)
    at file:///C:/projects/yakittakippro-2/node_modules/rollup/dist/es/shared/node-entry.js:23467:39
    at process.processTicksAndRejections (node:internal/process/task_queues:105:5)
    at async catchUnfinishedHookActions (file:///C:/projects/yakittakippro-2/node_modules/rollup/dist/es/shared/node-entry.js:22925:16)
    at async rollupInternal (file:///C:/projects/yakittakippro-2/node_modules/rollup/dist/es/shared/node-entry.js:23450:5)
    at async buildEnvironment (file:///C:/projects/yakittakippro-2/node_modules/vite/dist/node/chunks/dep-D4NMHUTW.js:46235:14)
    at async Object.defaultBuildApp [as buildApp] (file:///C:/projects/yakittakippro-2/node_modules/vite/dist/node/chunks/dep-D4NMHUTW.js:46713:5)
    at async CAC.<anonymous> (file:///C:/projects/yakittakippro-2/node_modules/vite/dist/node/cli.js:863:7)[39m
