
> yakıt-takip-pro@0.0.0 build
> vite build

[36mvite v6.4.1 [32mbuilding for production...[36m[39m
transforming...
[32m✓[39m 2707 modules transformed.
[33mGenerated an empty chunk: "vendor-ocr".[39m
[33mGenerated an empty chunk: "vendor-db".[39m
rendering chunks...
computing gzip size...
[2mdist/[22m[32mmanifest.webmanifest                        [39m[1m[2m  1.07 kB[22m[1m[22m
[2mdist/[22m[32mindex.html                                  [39m[1m[2m  7.40 kB[22m[1m[22m[2m │ gzip:   2.23 kB[22m
[2mdist/[22m[35massets/index-Cwq2LiyE.css                   [39m[1m[2m  0.13 kB[22m[1m[22m[2m │ gzip:   0.12 kB[22m
[2mdist/[22m[36massets/vendor-ocr-l0sNRNKZ.js               [39m[1m[2m  0.00 kB[22m[1m[22m[2m │ gzip:   0.02 kB[22m
[2mdist/[22m[36massets/vendor-db-l0sNRNKZ.js                [39m[1m[2m  0.00 kB[22m[1m[22m[2m │ gzip:   0.02 kB[22m
[2mdist/[22m[36massets/workbox-window.prod.es5-BIl4cyR9.js  [39m[1m[2m  5.76 kB[22m[1m[22m[2m │ gzip:   2.37 kB[22m
[2mdist/[22m[36massets/FuelMap-CtRIzZd1.js                  [39m[1m[2m  9.64 kB[22m[1m[22m[2m │ gzip:   2.71 kB[22m
[2mdist/[22m[36massets/vendor-react-uS-d4TUT.js             [39m[1m[2m 11.92 kB[22m[1m[22m[2m │ gzip:   4.25 kB[22m
[2mdist/[22m[36massets/purify.es-B9ZVCkUG.js                [39m[1m[2m 22.64 kB[22m[1m[22m[2m │ gzip:   8.75 kB[22m
[2mdist/[22m[36massets/ChartsPage-dr0DmLuj.js               [39m[1m[2m 34.10 kB[22m[1m[22m[2m │ gzip:   8.86 kB[22m
[2mdist/[22m[36massets/ReportsPage-DS8YKTcM.js              [39m[1m[2m 72.40 kB[22m[1m[22m[2m │ gzip:  16.76 kB[22m
[2mdist/[22m[36massets/vendor-maps-BDJVz1_E.js              [39m[1m[2m154.02 kB[22m[1m[22m[2m │ gzip:  34.52 kB[22m
[2mdist/[22m[36massets/index.es-BP573NPk.js                 [39m[1m[2m159.40 kB[22m[1m[22m[2m │ gzip:  53.43 kB[22m
[2mdist/[22m[36massets/html2canvas.esm-QH1iLAAe.js          [39m[1m[2m202.38 kB[22m[1m[22m[2m │ gzip:  48.04 kB[22m
[2mdist/[22m[36massets/vendor-charts-DANVHOd5.js            [39m[1m[2m392.58 kB[22m[1m[22m[2m │ gzip: 115.16 kB[22m
[2mdist/[22m[36massets/vendor-pdf-X6qY2onI.js               [39m[1m[2m419.98 kB[22m[1m[22m[2m │ gzip: 137.35 kB[22m
[2mdist/[22m[36massets/index-DXhvI_9A.js                    [39m[1m[2m445.41 kB[22m[1m[22m[2m │ gzip: 126.92 kB[22m
[2mdist/[22m[36massets/vendor-utils-BqeqRyq2.js             [39m[1m[2m464.00 kB[22m[1m[22m[2m │ gzip: 150.64 kB[22m
[32m✓ built in 6.37s[39m

PWA v1.2.0
mode      generateSW
precache  27 entries (4169.46 KiB)
files generated
  dist/sw.js
  dist/workbox-58bd4dca.js
