
> yakıt-takip-pro@0.0.0 build
> vite build

[36mvite v6.4.1 [32mbuilding for production...[36m[39m
transforming...
[32m✓[39m 2692 modules transformed.
[33mGenerated an empty chunk: "vendor-ocr".[39m
[33mGenerated an empty chunk: "vendor-db".[39m
rendering chunks...
computing gzip size...
[2mdist/[22m[32mmanifest.webmanifest                        [39m[1m[2m  1.07 kB[22m[1m[22m
[2mdist/[22m[32mindex.html                                  [39m[1m[2m  7.40 kB[22m[1m[22m[2m │ gzip:   2.22 kB[22m
[2mdist/[22m[35massets/index-Cwq2LiyE.css                   [39m[1m[2m  0.13 kB[22m[1m[22m[2m │ gzip:   0.12 kB[22m
[2mdist/[22m[36massets/vendor-ocr-l0sNRNKZ.js               [39m[1m[2m  0.00 kB[22m[1m[22m[2m │ gzip:   0.02 kB[22m
[2mdist/[22m[36massets/vendor-db-l0sNRNKZ.js                [39m[1m[2m  0.00 kB[22m[1m[22m[2m │ gzip:   0.02 kB[22m
[2mdist/[22m[36massets/workbox-window.prod.es5-BIl4cyR9.js  [39m[1m[2m  5.76 kB[22m[1m[22m[2m │ gzip:   2.37 kB[22m
[2mdist/[22m[36massets/index-BABJdSF6.js                    [39m[1m[2m  6.30 kB[22m[1m[22m[2m │ gzip:   2.68 kB[22m
[2mdist/[22m[36massets/FuelMap-DoSV9GUy.js                  [39m[1m[2m  9.64 kB[22m[1m[22m[2m │ gzip:   2.71 kB[22m
[2mdist/[22m[36massets/vendor-react-uS-d4TUT.js             [39m[1m[2m 11.92 kB[22m[1m[22m[2m │ gzip:   4.25 kB[22m
[2mdist/[22m[36massets/index-eXwXFBnm.js                    [39m[1m[2m 12.54 kB[22m[1m[22m[2m │ gzip:   3.35 kB[22m
[2mdist/[22m[36massets/ChartsPage-Ds2GqHuC.js               [39m[1m[2m 14.22 kB[22m[1m[22m[2m │ gzip:   3.87 kB[22m
[2mdist/[22m[36massets/ChartsPage-BW1ZyJcS.js               [39m[1m[2m 20.10 kB[22m[1m[22m[2m │ gzip:   5.79 kB[22m
[2mdist/[22m[36massets/purify.es-B9ZVCkUG.js                [39m[1m[2m 22.64 kB[22m[1m[22m[2m │ gzip:   8.75 kB[22m
[2mdist/[22m[36massets/ReportsPage-BUbiHUC6.js              [39m[1m[2m 72.40 kB[22m[1m[22m[2m │ gzip:  16.76 kB[22m
[2mdist/[22m[36massets/vendor-maps-BDJVz1_E.js              [39m[1m[2m154.02 kB[22m[1m[22m[2m │ gzip:  34.52 kB[22m
[2mdist/[22m[36massets/index.es-BP573NPk.js                 [39m[1m[2m159.40 kB[22m[1m[22m[2m │ gzip:  53.43 kB[22m
[2mdist/[22m[36massets/html2canvas.esm-QH1iLAAe.js          [39m[1m[2m202.38 kB[22m[1m[22m[2m │ gzip:  48.04 kB[22m
[2mdist/[22m[36massets/vendor-charts-B4NaH2fE.js            [39m[1m[2m392.58 kB[22m[1m[22m[2m │ gzip: 115.16 kB[22m
[2mdist/[22m[36massets/index-BybKk8xT.js                    [39m[1m[2m396.02 kB[22m[1m[22m[2m │ gzip: 111.52 kB[22m
[2mdist/[22m[36massets/vendor-pdf-X6qY2onI.js               [39m[1m[2m419.98 kB[22m[1m[22m[2m │ gzip: 137.35 kB[22m
[2mdist/[22m[36massets/vendor-utils-Djkzzo6N.js             [39m[1m[2m465.12 kB[22m[1m[22m[2m │ gzip: 150.85 kB[22m
[32m✓ built in 5.92s[39m

PWA v1.2.0
mode      generateSW
precache  30 entries (4140.93 KiB)
files generated
  dist/sw.js
  dist/workbox-58bd4dca.js
